[2020-05-15 10:01:51,733: INFO/MainProcess] Connected to redis://localhost:6379/0
[2020-05-15 10:01:51,751: INFO/MainProcess] mingle: searching for neighbors
[2020-05-15 10:01:52,789: INFO/MainProcess] mingle: all alone
[2020-05-15 10:01:52,847: INFO/MainProcess] celery@rithvij-deepin ready.
[2020-05-15 10:19:16,258: INFO/MainProcess] Received task: server.tasks.tasks.process_image[dd6eb5f9-7ec3-43cf-9e57-c22cfd3ca385]  
[2020-05-15 10:19:16,292: WARNING/ForkPoolWorker-7] dd6eb5f9-7ec3-43cf-9e57-c22cfd3ca385
[2020-05-15 10:19:18,528: INFO/ForkPoolWorker-7] server.tasks.tasks.process_image[dd6eb5f9-7ec3-43cf-9e57-c22cfd3ca385]: colortheif done for 1920.jpg
[2020-05-15 10:19:19,105: WARNING/ForkPoolWorker-7] ...............................................................
[2020-05-15 10:19:19,172: INFO/ForkPoolWorker-7] server.tasks.tasks.process_image[dd6eb5f9-7ec3-43cf-9e57-c22cfd3ca385]: vibrant.go done for 1920.jpg
[2020-05-15 10:19:35,215: WARNING/ForkPoolWorker-7] ------------------------------
[2020-05-15 10:19:35,235: WARNING/ForkPoolWorker-7] BASTERBASTERBASTERBASTERBASTERBASTERBASTERBASTERBASTERBASTERBASTERBASTERBASTERBASTERBASTERBASTERBASTERBASTERBASTERBASTER
[2020-05-15 10:19:35,236: WARNING/ForkPoolWorker-7] [{'hex': '#a14546', 'names': ['Apple Blossom', 'dusty red', 'Deep chestnut', 'Apple Blossom', 'Dark terra cotta'], 'similar_colors': ['#AF4D43', '#B9484E', '#B94E48', '#AF4D43', '#CC4E5C'], 'exact': [False, False, False, False, False], 'count': 135389}, {'hex': '#e8be68', 'names': ['Equator', 'light mustard', 'Mellow apricot', 'Equator', 'Topaz'], 'similar_colors': ['#E1BC64', '#F7D560', '#F8B878', '#E1BC64', '#FFC87C'], 'exact': [False, False, False, False, False], 'count': 47416}, {'hex': '#a04546', 'names': ['Copper Rust', 'dusty red', 'English red', 'Apple Blossom', 'Dark terra cotta'], 'similar_colors': ['#944747', '#B9484E', '#AB4B52', '#AF4D43', '#CC4E5C'], 'exact': [False, False, False, False, False], 'count': 315}, {'hex': '#e7bd67', 'names': ['Equator', 'light mustard', 'Mellow apricot', 'Equator', 'Topaz'], 'similar_colors': ['#E1BC64', '#F7D560', '#F8B878', '#E1BC64', '#FFC87C'], 'exact': [False, False, False, False, False], 'count': 169}, {'hex': '#a04545', 'names': ['Copper Rust', 'dusty red', 'Deep chestnut', 'Apple Blossom', 'Dark terra cotta'], 'similar_colors': ['#944747', '#B9484E', '#B94E48', '#AF4D43', '#CC4E5C'], 'exact': [False, False, False, False, False], 'count': 154}, {'hex': '#e7be68', 'names': ['Equator', 'light mustard', 'Mellow apricot', 'Equator', 'Topaz'], 'similar_colors': ['#E1BC64', '#F7D560', '#F8B878', '#E1BC64', '#FFC87C'], 'exact': [False, False, False, False, False], 'count': 117}, {'hex': '#e8be67', 'names': ['Equator', 'light mustard', 'Orange-yellow', 'Equator', 'Topaz'], 'similar_colors': ['#E1BC64', '#F7D560', '#F8D568', '#E1BC64', '#FFC87C'], 'exact': [False, False, False, False, False], 'count': 110}, {'hex': '#e7bd68', 'names': ['Equator', 'light mustard', 'Mellow apricot', 'Equator', 'Topaz'], 'similar_colors': ['#E1BC64', '#F7D560', '#F8B878', '#E1BC64', '#FFC87C'], 'exact': [False, False, False, False, False], 'count': 102}, {'hex': '#a14545', 'names': ['Apple Blossom', 'dusty red', 'Deep chestnut', 'Apple Blossom', 'Dark terra cotta'], 'similar_colors': ['#AF4D43', '#B9484E', '#B94E48', '#AF4D43', '#CC4E5C'], 'exact': [False, False, False, False, False], 'count': 94}, {'hex': '#a04445', 'names': ['Copper Rust', 'dusty red', 'Deep chestnut', 'Apple Blossom', 'Dark terra cotta'], 'similar_colors': ['#944747', '#B9484E', '#B94E48', '#AF4D43', '#CC4E5C'], 'exact': [False, False, False, False, False], 'count': 86}]
[2020-05-15 10:19:35,237: WARNING/ForkPoolWorker-7] ------------------------------
[2020-05-15 10:19:35,240: INFO/ForkPoolWorker-7] server.tasks.tasks.process_image[dd6eb5f9-7ec3-43cf-9e57-c22cfd3ca385]: rgbaster done for 1920.jpg
[2020-05-15 10:19:35,355: INFO/ForkPoolWorker-7] server.tasks.tasks.process_image[dd6eb5f9-7ec3-43cf-9e57-c22cfd3ca385]: colorcube done for 1920.jpg
[2020-05-15 10:19:43,179: INFO/ForkPoolWorker-7] server.tasks.tasks.process_image[dd6eb5f9-7ec3-43cf-9e57-c22cfd3ca385]: colors-service done for 1920.jpg
[2020-05-15 10:20:26,761: WARNING/ForkPoolWorker-7] ***************************************************************
[2020-05-15 10:20:26,887: WARNING/ForkPoolWorker-7] [{'hex': '#ebbb6b', 'names': ['Rob Roy', 'apricot', 'Mellow apricot', 'Rajah', 'Topaz'], 'similar_colors': ['#EAC674', '#FFB16D', '#F8B878', '#F7B668', '#FFC87C'], 'exact': [False, False, False, False, False]}, {'hex': '#a34444', 'names': ['Apple Blossom', 'dusty red', 'Deep chestnut', 'Apple Blossom', 'Dark terra cotta'], 'similar_colors': ['#AF4D43', '#B9484E', '#B94E48', '#AF4D43', '#CC4E5C'], 'exact': [False, False, False, False, False]}, {'hex': '#b97a53', 'names': ['Driftwood', 'dark peach', 'Deer', 'Santa Fe', 'Pale copper'], 'similar_colors': ['#AF8751', '#DE7E5D', '#BA8759', '#B16D52', '#DA8A67'], 'exact': [False, False, False, False, False]}, {'hex': '#bb8e59', 'names': ['Muddy Waters', 'camel', 'Aztec Gold', 'Muddy Waters', 'Fawn'], 'similar_colors': ['#B78E5C', '#C69F59', '#C39953', '#B78E5C', '#E5AA70'], 'exact': [False, False, False, False, False]}, {'hex': '#a95d4b', 'names': ['Matrix', 'clay', "Giant's Club", 'Matrix', 'Terra cotta'], 'similar_colors': ['#B05D54', '#B66A50', '#B05C52', '#B05D54', '#E2725B'], 'exact': [False, False, False, False, False]}, {'hex': '#ac6454', 'names': ['Matrix', 'clay', 'Brown Sugar', 'Matrix', 'Terra cotta'], 'similar_colors': ['#B05D54', '#B66A50', '#AF6E4D', '#B05D54', '#E2725B'], 'exact': [False, False, False, False, False]}, {'hex': '#b4624c', 'names': ['Matrix', 'adobe', 'Copper red', 'Matrix', 'Terra cotta'], 'similar_colors': ['#B05D54', '#BD6C48', '#CB6D51', '#B05D54', '#E2725B'], 'exact': [False, False, False, False, False]}, {'hex': '#cc8454', 'names': ['Antique Brass', 'dark peach', 'Raw Sienna', 'Japonica', 'Atomic tangerine'], 'similar_colors': ['#C88A65', '#DE7E5D', '#D68A59', '#D87C63', '#FF9966'], 'exact': [False, False, False, False, False]}, {'hex': '#ac534c', 'names': ['Apple Blossom', 'dark salmon', 'Bittersweet shimmer', 'Apple Blossom', 'Chestnut'], 'similar_colors': ['#AF4D43', '#C85A53', '#BF4F51', '#AF4D43', '#CD5C5C'], 'exact': [False, False, False, False, False]}]
[2020-05-15 10:20:26,888: WARNING/ForkPoolWorker-7] ***************************************************************
[2020-05-15 10:21:16,205: INFO/ForkPoolWorker-7] server.tasks.tasks.process_image[dd6eb5f9-7ec3-43cf-9e57-c22cfd3ca385]: get-image-colors done for 1920.jpg
[2020-05-15 10:21:17,639: WARNING/ForkPoolWorker-7] --bg-color : rgb(163,68,68);
    
        --color-0 : rgb(235,187,107);
        
        --color-1 : rgb(163,68,68);
        
        --color-2 : rgb(196,130,86);
        
        --color-3 : rgb(178,118,81);
        
        --color-4 : rgb(187,143,89);
        
        --color-5 : rgb(169,93,76);
        
        --color-6 : rgb(175,100,84);
        
        --color-7 : rgb(180,98,76);
        
        --color-8 : rgb(161,84,74);
        
        --color-9 : rgb(172,83,76);
[2020-05-15 10:21:19,071: WARNING/ForkPoolWorker-7] INSERT
[2020-05-15 10:21:19,604: INFO/ForkPoolWorker-7] server.tasks.tasks.process_image[dd6eb5f9-7ec3-43cf-9e57-c22cfd3ca385]: Wrote extracted colors to <_io.TextIOWrapper name='server/tmp/1920.jpg.json' mode='w+' encoding='UTF-8'>
[2020-05-15 10:21:19,619: INFO/ForkPoolWorker-7] Task server.tasks.tasks.process_image[dd6eb5f9-7ec3-43cf-9e57-c22cfd3ca385] succeeded in 123.32654695099995s: None
[2020-05-15 10:21:52,093: INFO/MainProcess] Received task: server.tasks.tasks.process_image[ab072d86-6d3c-412b-b1ee-60d8e7cb2d61]  
[2020-05-15 10:21:52,096: WARNING/ForkPoolWorker-7] ab072d86-6d3c-412b-b1ee-60d8e7cb2d61
[2020-05-15 10:21:53,557: INFO/ForkPoolWorker-7] server.tasks.tasks.process_image[ab072d86-6d3c-412b-b1ee-60d8e7cb2d61]: colortheif done for 1920.jpg
[2020-05-15 10:21:53,663: WARNING/ForkPoolWorker-7] ...............................................................
[2020-05-15 10:21:53,683: INFO/ForkPoolWorker-7] server.tasks.tasks.process_image[ab072d86-6d3c-412b-b1ee-60d8e7cb2d61]: vibrant.go done for 1920.jpg
[2020-05-15 10:21:54,212: WARNING/ForkPoolWorker-7] ------------------------------
[2020-05-15 10:21:54,213: WARNING/ForkPoolWorker-7] BASTERBASTERBASTERBASTERBASTERBASTERBASTERBASTERBASTERBASTERBASTERBASTERBASTERBASTERBASTERBASTERBASTERBASTERBASTERBASTER
[2020-05-15 10:21:54,213: WARNING/ForkPoolWorker-7] [{'hex': '#a14546', 'names': ['Apple Blossom', 'dusty red', 'Deep chestnut', 'Apple Blossom', 'Dark terra cotta'], 'similar_colors': ['#AF4D43', '#B9484E', '#B94E48', '#AF4D43', '#CC4E5C'], 'exact': [False, False, False, False, False], 'count': 135389}, {'hex': '#e8be68', 'names': ['Equator', 'light mustard', 'Mellow apricot', 'Equator', 'Topaz'], 'similar_colors': ['#E1BC64', '#F7D560', '#F8B878', '#E1BC64', '#FFC87C'], 'exact': [False, False, False, False, False], 'count': 47416}, {'hex': '#a04546', 'names': ['Copper Rust', 'dusty red', 'English red', 'Apple Blossom', 'Dark terra cotta'], 'similar_colors': ['#944747', '#B9484E', '#AB4B52', '#AF4D43', '#CC4E5C'], 'exact': [False, False, False, False, False], 'count': 315}, {'hex': '#e7bd67', 'names': ['Equator', 'light mustard', 'Mellow apricot', 'Equator', 'Topaz'], 'similar_colors': ['#E1BC64', '#F7D560', '#F8B878', '#E1BC64', '#FFC87C'], 'exact': [False, False, False, False, False], 'count': 169}, {'hex': '#a04545', 'names': ['Copper Rust', 'dusty red', 'Deep chestnut', 'Apple Blossom', 'Dark terra cotta'], 'similar_colors': ['#944747', '#B9484E', '#B94E48', '#AF4D43', '#CC4E5C'], 'exact': [False, False, False, False, False], 'count': 154}, {'hex': '#e7be68', 'names': ['Equator', 'light mustard', 'Mellow apricot', 'Equator', 'Topaz'], 'similar_colors': ['#E1BC64', '#F7D560', '#F8B878', '#E1BC64', '#FFC87C'], 'exact': [False, False, False, False, False], 'count': 117}, {'hex': '#e8be67', 'names': ['Equator', 'light mustard', 'Orange-yellow', 'Equator', 'Topaz'], 'similar_colors': ['#E1BC64', '#F7D560', '#F8D568', '#E1BC64', '#FFC87C'], 'exact': [False, False, False, False, False], 'count': 110}, {'hex': '#e7bd68', 'names': ['Equator', 'light mustard', 'Mellow apricot', 'Equator', 'Topaz'], 'similar_colors': ['#E1BC64', '#F7D560', '#F8B878', '#E1BC64', '#FFC87C'], 'exact': [False, False, False, False, False], 'count': 102}, {'hex': '#a14545', 'names': ['Apple Blossom', 'dusty red', 'Deep chestnut', 'Apple Blossom', 'Dark terra cotta'], 'similar_colors': ['#AF4D43', '#B9484E', '#B94E48', '#AF4D43', '#CC4E5C'], 'exact': [False, False, False, False, False], 'count': 94}, {'hex': '#a04445', 'names': ['Copper Rust', 'dusty red', 'Deep chestnut', 'Apple Blossom', 'Dark terra cotta'], 'similar_colors': ['#944747', '#B9484E', '#B94E48', '#AF4D43', '#CC4E5C'], 'exact': [False, False, False, False, False], 'count': 86}]
[2020-05-15 10:21:54,213: WARNING/ForkPoolWorker-7] ------------------------------
[2020-05-15 10:21:54,218: INFO/ForkPoolWorker-7] server.tasks.tasks.process_image[ab072d86-6d3c-412b-b1ee-60d8e7cb2d61]: rgbaster done for 1920.jpg
[2020-05-15 10:21:54,371: INFO/ForkPoolWorker-7] server.tasks.tasks.process_image[ab072d86-6d3c-412b-b1ee-60d8e7cb2d61]: colorcube done for 1920.jpg
[2020-05-15 10:21:56,534: INFO/ForkPoolWorker-7] server.tasks.tasks.process_image[ab072d86-6d3c-412b-b1ee-60d8e7cb2d61]: colors-service done for 1920.jpg
[2020-05-15 10:21:57,882: WARNING/ForkPoolWorker-7] ***************************************************************
[2020-05-15 10:21:57,904: WARNING/ForkPoolWorker-7] [{'hex': '#ebbb6b', 'names': ['Rob Roy', 'apricot', 'Mellow apricot', 'Rajah', 'Topaz'], 'similar_colors': ['#EAC674', '#FFB16D', '#F8B878', '#F7B668', '#FFC87C'], 'exact': [False, False, False, False, False]}, {'hex': '#a34444', 'names': ['Apple Blossom', 'dusty red', 'Deep chestnut', 'Apple Blossom', 'Dark terra cotta'], 'similar_colors': ['#AF4D43', '#B9484E', '#B94E48', '#AF4D43', '#CC4E5C'], 'exact': [False, False, False, False, False]}, {'hex': '#b97a53', 'names': ['Driftwood', 'dark peach', 'Deer', 'Santa Fe', 'Pale copper'], 'similar_colors': ['#AF8751', '#DE7E5D', '#BA8759', '#B16D52', '#DA8A67'], 'exact': [False, False, False, False, False]}, {'hex': '#bb8e59', 'names': ['Muddy Waters', 'camel', 'Aztec Gold', 'Muddy Waters', 'Fawn'], 'similar_colors': ['#B78E5C', '#C69F59', '#C39953', '#B78E5C', '#E5AA70'], 'exact': [False, False, False, False, False]}, {'hex': '#a95d4b', 'names': ['Matrix', 'clay', "Giant's Club", 'Matrix', 'Terra cotta'], 'similar_colors': ['#B05D54', '#B66A50', '#B05C52', '#B05D54', '#E2725B'], 'exact': [False, False, False, False, False]}, {'hex': '#ac6454', 'names': ['Matrix', 'clay', 'Brown Sugar', 'Matrix', 'Terra cotta'], 'similar_colors': ['#B05D54', '#B66A50', '#AF6E4D', '#B05D54', '#E2725B'], 'exact': [False, False, False, False, False]}, {'hex': '#b4624c', 'names': ['Matrix', 'adobe', 'Copper red', 'Matrix', 'Terra cotta'], 'similar_colors': ['#B05D54', '#BD6C48', '#CB6D51', '#B05D54', '#E2725B'], 'exact': [False, False, False, False, False]}, {'hex': '#cc8454', 'names': ['Antique Brass', 'dark peach', 'Raw Sienna', 'Japonica', 'Atomic tangerine'], 'similar_colors': ['#C88A65', '#DE7E5D', '#D68A59', '#D87C63', '#FF9966'], 'exact': [False, False, False, False, False]}, {'hex': '#ac534c', 'names': ['Apple Blossom', 'dark salmon', 'Bittersweet shimmer', 'Apple Blossom', 'Chestnut'], 'similar_colors': ['#AF4D43', '#C85A53', '#BF4F51', '#AF4D43', '#CD5C5C'], 'exact': [False, False, False, False, False]}]
[2020-05-15 10:21:57,905: WARNING/ForkPoolWorker-7] ***************************************************************
[2020-05-15 10:21:57,909: INFO/ForkPoolWorker-7] server.tasks.tasks.process_image[ab072d86-6d3c-412b-b1ee-60d8e7cb2d61]: get-image-colors done for 1920.jpg
[2020-05-15 10:21:57,911: WARNING/ForkPoolWorker-7] INSERT
[2020-05-15 10:21:57,911: WARNING/ForkPoolWorker-7] No duplicates for you
[2020-05-15 10:21:57,912: WARNING/ForkPoolWorker-7] 1920.jpg
[2020-05-15 10:21:57,912: WARNING/ForkPoolWorker-7] UNIQUE constraint failed: colors.filename, colors.color, colors.number, colors.method
[2020-05-15 10:21:57,912: WARNING/ForkPoolWorker-7] No duplicates for you
[2020-05-15 10:21:57,912: WARNING/ForkPoolWorker-7] 1920.jpg
[2020-05-15 10:21:57,912: WARNING/ForkPoolWorker-7] UNIQUE constraint failed: colors.filename, colors.color, colors.number, colors.method
[2020-05-15 10:21:57,913: WARNING/ForkPoolWorker-7] No duplicates for you
[2020-05-15 10:21:57,913: WARNING/ForkPoolWorker-7] 1920.jpg
[2020-05-15 10:21:57,913: WARNING/ForkPoolWorker-7] UNIQUE constraint failed: colors.filename, colors.color, colors.number, colors.method
[2020-05-15 10:21:57,913: WARNING/ForkPoolWorker-7] No duplicates for you
[2020-05-15 10:21:57,913: WARNING/ForkPoolWorker-7] 1920.jpg
[2020-05-15 10:21:57,913: WARNING/ForkPoolWorker-7] UNIQUE constraint failed: colors.filename, colors.color, colors.number, colors.method
[2020-05-15 10:21:57,914: WARNING/ForkPoolWorker-7] No duplicates for you
[2020-05-15 10:21:57,914: WARNING/ForkPoolWorker-7] 1920.jpg
[2020-05-15 10:21:57,914: WARNING/ForkPoolWorker-7] UNIQUE constraint failed: colors.filename, colors.color, colors.number, colors.method
[2020-05-15 10:21:57,914: WARNING/ForkPoolWorker-7] No duplicates for you
[2020-05-15 10:21:57,914: WARNING/ForkPoolWorker-7] 1920.jpg
[2020-05-15 10:21:57,914: WARNING/ForkPoolWorker-7] UNIQUE constraint failed: colors.filename, colors.color, colors.number, colors.method
[2020-05-15 10:21:57,914: WARNING/ForkPoolWorker-7] No duplicates for you
[2020-05-15 10:21:57,914: WARNING/ForkPoolWorker-7] 1920.jpg
[2020-05-15 10:21:57,914: WARNING/ForkPoolWorker-7] UNIQUE constraint failed: colors.filename, colors.color, colors.number, colors.method
[2020-05-15 10:21:57,915: WARNING/ForkPoolWorker-7] No duplicates for you
[2020-05-15 10:21:57,915: WARNING/ForkPoolWorker-7] 1920.jpg
[2020-05-15 10:21:57,915: WARNING/ForkPoolWorker-7] UNIQUE constraint failed: colors.filename, colors.color, colors.number, colors.method
[2020-05-15 10:21:57,915: WARNING/ForkPoolWorker-7] No duplicates for you
[2020-05-15 10:21:57,915: WARNING/ForkPoolWorker-7] 1920.jpg
[2020-05-15 10:21:57,915: WARNING/ForkPoolWorker-7] UNIQUE constraint failed: colors.filename, colors.color, colors.number, colors.method
[2020-05-15 10:21:57,915: WARNING/ForkPoolWorker-7] No duplicates for you
[2020-05-15 10:21:57,916: WARNING/ForkPoolWorker-7] 1920.jpg
[2020-05-15 10:21:57,916: WARNING/ForkPoolWorker-7] UNIQUE constraint failed: colors.filename, colors.color, colors.number, colors.method
[2020-05-15 10:21:57,921: INFO/ForkPoolWorker-7] server.tasks.tasks.process_image[ab072d86-6d3c-412b-b1ee-60d8e7cb2d61]: Wrote extracted colors to <_io.TextIOWrapper name='server/tmp/1920.jpg.json' mode='w+' encoding='UTF-8'>
[2020-05-15 10:21:57,923: INFO/ForkPoolWorker-7] Task server.tasks.tasks.process_image[ab072d86-6d3c-412b-b1ee-60d8e7cb2d61] succeeded in 5.827517551000028s: None
[2020-05-15 10:23:15,623: INFO/MainProcess] Received task: server.tasks.tasks.process_image[096f604b-f3fb-4a3e-a970-790aa761c163]  
[2020-05-15 10:23:15,626: WARNING/ForkPoolWorker-7] 096f604b-f3fb-4a3e-a970-790aa761c163
[2020-05-15 10:23:17,377: INFO/ForkPoolWorker-7] server.tasks.tasks.process_image[096f604b-f3fb-4a3e-a970-790aa761c163]: colortheif done for abarai-renji-bleach-minimalistic-wallpaper-by-matsumayu.jpg
[2020-05-15 10:23:17,455: WARNING/ForkPoolWorker-7] ...............................................................
[2020-05-15 10:23:17,486: INFO/ForkPoolWorker-7] server.tasks.tasks.process_image[096f604b-f3fb-4a3e-a970-790aa761c163]: vibrant.go done for abarai-renji-bleach-minimalistic-wallpaper-by-matsumayu.jpg
[2020-05-15 10:23:17,989: WARNING/ForkPoolWorker-7] ------------------------------
[2020-05-15 10:23:17,989: WARNING/ForkPoolWorker-7] BASTERBASTERBASTERBASTERBASTERBASTERBASTERBASTERBASTERBASTERBASTERBASTERBASTERBASTERBASTERBASTERBASTERBASTERBASTERBASTER
[2020-05-15 10:23:17,990: WARNING/ForkPoolWorker-7] [{'hex': '#ee3348', 'names': ['Amaranth', 'lightish red', 'Red Salsa', 'Punch', 'Radical Red'], 'similar_colors': ['#E52B50', '#FE2F4A', '#FD3A4A', '#DC4333', '#FF355E'], 'exact': [False, False, False, False, False], 'count': 144551}, {'hex': '#fee4cd', 'names': ['Karry', 'pale', 'Papaya whip', 'Karry', 'Ivory'], 'similar_colors': ['#FFEAD4', '#FFF9D0', '#FFEFD5', '#FFEAD4', '#FFFFF0'], 'exact': [False, False, False, False, False], 'count': 14029}, {'hex': '#ffffff', 'names': ['White', 'white', 'White', 'Rock Salt', 'White'], 'similar_colors': ['#FFFFFF', '#FFFFFF', '#FFFFFF', '#FFFFFF', '#FFFFFF'], 'exact': [False, False, False, False, False], 'count': 6207}, {'hex': '#121214', 'names': ['Bunker', 'almost black', 'Eerie black', 'Bunker', 'Dark jungle green'], 'similar_colors': ['#0D1117', '#070D0D', '#1B1B1B', '#0D1117', '#1A2421'], 'exact': [False, False, False, False, False], 'count': 5394}, {'hex': '#c31f26', 'names': ['Cardinal', 'cherry', 'Amaranth red', 'Thunderbird', 'Deep carmine pink'], 'similar_colors': ['#C41E3A', '#CF0234', '#D3212D', '#C02B18', '#EF3038'], 'exact': [False, False, False, False, False], 'count': 1671}, {'hex': '#a04125', 'names': ['Cognac', 'sienna', 'Medium carmine', 'Cognac', 'Dark coral'], 'similar_colors': ['#9F381D', '#A9561E', '#AF4035', '#9F381D', '#CD5B45'], 'exact': [False, False, False, False, False], 'count': 1598}, {'hex': '#b5afbd', 'names': ['Chatelle', 'silver', 'Gray (X11 gray)', 'Chatelle', 'Thistle'], 'similar_colors': ['#BDB3C7', '#C5C9C7', '#BEBEBE', '#BDB3C7', '#D8BFD8'], 'exact': [False, False, False, False, False], 'count': 953}, {'hex': '#fde4cc', 'names': ['Tequila', 'pale', 'Papaya whip', 'Tequila', 'Light yellow'], 'similar_colors': ['#FFE6C7', '#FFF9D0', '#FFEFD5', '#FFE6C7', '#FFFFED'], 'exact': [False, False, False, False, False], 'count': 863}, {'hex': '#9b916e', 'names': ['Gurkha', 'dust', 'Light taupe', 'Gurkha', 'Ecru'], 'similar_colors': ['#9A9577', '#B2996E', '#B38B6D', '#9A9577', '#C2B280'], 'exact': [False, False, False, False, False], 'count': 704}, {'hex': '#31241e', 'names': ['Cocoa Brown', 'dark grey', 'Bistre', 'Cocoa Brown', 'Café noir'], 'similar_colors': ['#301F1E', '#363737', '#3D2B1F', '#301F1E', '#4B3621'], 'exact': [False, False, False, False, False], 'count': 619}]
[2020-05-15 10:23:17,990: WARNING/ForkPoolWorker-7] ------------------------------
[2020-05-15 10:23:17,994: INFO/ForkPoolWorker-7] server.tasks.tasks.process_image[096f604b-f3fb-4a3e-a970-790aa761c163]: rgbaster done for abarai-renji-bleach-minimalistic-wallpaper-by-matsumayu.jpg
[2020-05-15 10:23:18,149: INFO/ForkPoolWorker-7] server.tasks.tasks.process_image[096f604b-f3fb-4a3e-a970-790aa761c163]: colorcube done for abarai-renji-bleach-minimalistic-wallpaper-by-matsumayu.jpg
[2020-05-15 10:23:20,016: INFO/ForkPoolWorker-7] server.tasks.tasks.process_image[096f604b-f3fb-4a3e-a970-790aa761c163]: colors-service done for abarai-renji-bleach-minimalistic-wallpaper-by-matsumayu.jpg
[2020-05-15 10:23:21,295: WARNING/ForkPoolWorker-7] ***************************************************************
[2020-05-15 10:23:21,321: WARNING/ForkPoolWorker-7] [{'hex': '#eb3344', 'names': ['Amaranth', 'lightish red', 'Red Salsa', 'Punch', 'Radical Red'], 'similar_colors': ['#E52B50', '#FE2F4A', '#FD3A4A', '#DC4333', '#FF355E'], 'exact': [False, False, False, False, False]}, {'hex': '#1f1916', 'names': ['Rangoon Green', 'dark brown', 'Eerie black', 'Rangoon Green', 'Bistre'], 'similar_colors': ['#1C1E13', '#341C02', '#1B1B1B', '#1C1E13', '#3D2B1F'], 'exact': [False, False, False, False, False]}, {'hex': '#f7e7d8', 'names': ['Albescent White', 'off white', 'Misty rose', 'Cinderella', 'White'], 'similar_colors': ['#F5E9D3', '#FFFFE4', '#FFE4E1', '#FDE1DC', '#FFFFFF'], 'exact': [False, False, False, False, False]}, {'hex': '#a34324', 'names': ['Cognac', 'sienna', 'Medium carmine', 'Cognac', 'Flame'], 'similar_colors': ['#9F381D', '#A9561E', '#AF4035', '#9F381D', '#E25822'], 'exact': [False, False, False, False, False]}, {'hex': '#c31d24', 'names': ['Thunderbird', 'cherry', 'Fire engine red', 'Thunderbird', 'Deep carmine pink'], 'similar_colors': ['#C02B18', '#CF0234', '#CE2029', '#C02B18', '#EF3038'], 'exact': [False, False, False, False, False]}, {'hex': '#9a906b', 'names': ['Gurkha', 'dust', 'Light taupe', 'Gurkha', 'Ecru'], 'similar_colors': ['#9A9577', '#B2996E', '#B38B6D', '#9A9577', '#C2B280'], 'exact': [False, False, False, False, False]}, {'hex': '#b88681', 'names': ['Brandy Rose', 'old rose', 'Old rose', 'Brandy Rose', 'Ruddy pink'], 'similar_colors': ['#BB8983', '#C87F89', '#C08081', '#BB8983', '#E18E96'], 'exact': [False, False, False, False, False]}, {'hex': '#be9f84', 'names': ['Quicksand', 'toupe', 'Light French beige', 'Quicksand', 'Pale gold'], 'similar_colors': ['#BD978E', '#C7AC7D', '#C8AD7F', '#BD978E', '#E6BE8A'], 'exact': [False, False, False, False, False]}, {'hex': '#c894a4', 'names': ['Viola', 'faded pink', 'Parrot Pink', 'Viola', 'Nadeshiko pink'], 'similar_colors': ['#CB8FA9', '#DE9DAC', '#D998A0', '#CB8FA9', '#F6ADC6'], 'exact': [False, False, False, False, False]}]
[2020-05-15 10:23:21,321: WARNING/ForkPoolWorker-7] ***************************************************************
[2020-05-15 10:23:21,325: INFO/ForkPoolWorker-7] server.tasks.tasks.process_image[096f604b-f3fb-4a3e-a970-790aa761c163]: get-image-colors done for abarai-renji-bleach-minimalistic-wallpaper-by-matsumayu.jpg
[2020-05-15 10:23:22,736: WARNING/ForkPoolWorker-7] --bg-color : rgb(233,52,74);
    
        --color-0 : rgb(246,223,202);
        
        --color-1 : rgb(31,25,23);
        
        --color-2 : rgb(235,51,75);
        
        --color-3 : rgb(163,67,36);
        
        --color-4 : rgb(155,144,107);
        
        --color-5 : rgb(195,29,36);
        
        --color-6 : rgb(190,136,135);
        
        --color-7 : rgb(193,36,47);
        
        --color-8 : rgb(225,92,98);
        
        --color-9 : rgb(156,148,164);
[2020-05-15 10:23:23,573: WARNING/ForkPoolWorker-7] INSERT
[2020-05-15 10:23:24,724: INFO/ForkPoolWorker-7] server.tasks.tasks.process_image[096f604b-f3fb-4a3e-a970-790aa761c163]: Wrote extracted colors to <_io.TextIOWrapper name='server/tmp/abarai-renji-bleach-minimalistic-wallpaper-by-matsumayu.jpg.json' mode='w+' encoding='UTF-8'>
[2020-05-15 10:23:24,726: INFO/ForkPoolWorker-7] Task server.tasks.tasks.process_image[096f604b-f3fb-4a3e-a970-790aa761c163] succeeded in 9.099702621000006s: None
[2020-05-15 10:25:24,138: INFO/MainProcess] Received task: server.tasks.tasks.process_image[667f62ab-06e6-4b3e-bb93-f31ed7f09a1e]  
[2020-05-15 10:25:24,140: WARNING/ForkPoolWorker-7] 667f62ab-06e6-4b3e-bb93-f31ed7f09a1e
[2020-05-15 10:25:25,863: INFO/ForkPoolWorker-7] server.tasks.tasks.process_image[667f62ab-06e6-4b3e-bb93-f31ed7f09a1e]: colortheif done for 552ee77b3d7611ded4a96b866db70e7b.png
[2020-05-15 10:25:25,943: WARNING/ForkPoolWorker-7] ...............................................................
[2020-05-15 10:25:25,959: INFO/ForkPoolWorker-7] server.tasks.tasks.process_image[667f62ab-06e6-4b3e-bb93-f31ed7f09a1e]: vibrant.go done for 552ee77b3d7611ded4a96b866db70e7b.png
[2020-05-15 10:25:27,174: WARNING/ForkPoolWorker-7] ------------------------------
[2020-05-15 10:25:27,174: WARNING/ForkPoolWorker-7] BASTERBASTERBASTERBASTERBASTERBASTERBASTERBASTERBASTERBASTERBASTERBASTERBASTERBASTERBASTERBASTERBASTERBASTERBASTERBASTER
[2020-05-15 10:25:27,174: WARNING/ForkPoolWorker-7] [{'hex': '#d5cfd4', 'names': ['Quill Gray', 'light grey', 'Queen pink', 'Swiss Coffee', 'Lavender blush'], 'similar_colors': ['#D6D6D1', '#D8DCD6', '#E8CCD7', '#DDD6D5', '#FFF0F5'], 'exact': [False, False, False, False, False], 'count': 162121}, {'hex': '#ac9fc0', 'names': ['Logan', 'pale purple', 'Lilac', 'Logan', 'Thistle'], 'similar_colors': ['#AAA9CD', '#B790D4', '#C8A2C8', '#AAA9CD', '#D8BFD8'], 'exact': [False, False, False, False, False], 'count': 8062}, {'hex': '#e3e5e5', 'names': ['Mercury', 'very light pink', 'Isabelline', 'Mercury', 'White'], 'similar_colors': ['#E5E5E5', '#FFF4F2', '#F4F0EC', '#E5E5E5', '#FFFFFF'], 'exact': [False, False, False, False, False], 'count': 5391}, {'hex': '#5c6490', 'names': ['Waikawa Gray', 'blue grey', 'Dark blue-gray', 'Waikawa Grey', 'Toolbox'], 'similar_colors': ['#5A6E9C', '#607C8E', '#666699', '#5A6E9C', '#746CC0'], 'exact': [False, False, False, False, False], 'count': 3695}, {'hex': '#31334a', 'names': ['Martinique', 'charcoal grey', 'Arsenic', 'Martinique', 'Purple taupe'], 'similar_colors': ['#363050', '#3C4142', '#3B444B', '#363050', '#50404D'], 'exact': [False, False, False, False, False], 'count': 1966}, {'hex': '#f9e3d5', 'names': ['Cinderella', 'off white', 'Misty rose', 'Cinderella', 'White'], 'similar_colors': ['#FDE1DC', '#FFFFE4', '#FFE4E1', '#FDE1DC', '#FFFFFF'], 'exact': [False, False, False, False, False], 'count': 1844}, {'hex': '#ffffff', 'names': ['White', 'white', 'White', 'Rock Salt', 'White'], 'similar_colors': ['#FFFFFF', '#FFFFFF', '#FFFFFF', '#FFFFFF', '#FFFFFF'], 'exact': [False, False, False, False, False], 'count': 299}, {'hex': '#19171d', 'names': ['Vulcan', 'dark', 'Eerie black', 'Vulcan', 'Dark jungle green'], 'similar_colors': ['#10121D', '#1B2431', '#1B1B1B', '#10121D', '#1A2421'], 'exact': [False, False, False, False, False], 'count': 247}, {'hex': '#45444c', 'names': ['Gravel', 'charcoal grey', 'Quartz', 'Gravel', 'Wenge'], 'similar_colors': ['#4A444B', '#3C4142', '#51484F', '#4A444B', '#645452'], 'exact': [False, False, False, False, False], 'count': 131}, {'hex': '#3f464e', 'names': ['Bright Gray', 'charcoal grey', 'Outer Space', 'Bright Grey', 'Davy grey'], 'similar_colors': ['#3C4151', '#3C4142', '#414A4C', '#3C4151', '#555555'], 'exact': [False, False, False, False, False], 'count': 90}]
[2020-05-15 10:25:27,174: WARNING/ForkPoolWorker-7] ------------------------------
[2020-05-15 10:25:27,178: INFO/ForkPoolWorker-7] server.tasks.tasks.process_image[667f62ab-06e6-4b3e-bb93-f31ed7f09a1e]: rgbaster done for 552ee77b3d7611ded4a96b866db70e7b.png
[2020-05-15 10:25:27,300: INFO/ForkPoolWorker-7] server.tasks.tasks.process_image[667f62ab-06e6-4b3e-bb93-f31ed7f09a1e]: colorcube done for 552ee77b3d7611ded4a96b866db70e7b.png
[2020-05-15 10:25:28,903: INFO/ForkPoolWorker-7] server.tasks.tasks.process_image[667f62ab-06e6-4b3e-bb93-f31ed7f09a1e]: colors-service done for 552ee77b3d7611ded4a96b866db70e7b.png
[2020-05-15 10:25:31,274: WARNING/ForkPoolWorker-7] ***************************************************************
[2020-05-15 10:25:31,331: WARNING/ForkPoolWorker-7] [{'hex': '#d4cdd4', 'names': ['Quill Gray', 'light grey', 'Queen pink', 'Lola', 'Lavender blush'], 'similar_colors': ['#D6D6D1', '#D8DCD6', '#E8CCD7', '#DFCFDB', '#FFF0F5'], 'exact': [False, False, False, False, False]}, {'hex': '#4a4e72', 'names': ['East Bay', 'dusk', 'Independence', 'East Bay', 'Dark lavender'], 'similar_colors': ['#414C7D', '#4E5481', '#4C516D', '#414C7D', '#734F96'], 'exact': [False, False, False, False, False]}, {'hex': '#ac9cc3', 'names': ['Logan', 'pale purple', 'Lilac', 'East Side', 'Medium lavender magenta'], 'similar_colors': ['#AAA9CD', '#B790D4', '#C8A2C8', '#AC91CE', '#DDA0DD'], 'exact': [False, False, False, False, False]}, {'hex': '#8e8d95', 'names': ['Mountain Mist', 'grey', 'Spanish gray', 'Mountain Mist', 'Pastel purple'], 'similar_colors': ['#959396', '#929591', '#989898', '#959396', '#B39EB5'], 'exact': [False, False, False, False, False]}, {'hex': '#fbfbfb', 'names': ['Romance', 'white', 'White', 'Romance', 'White'], 'similar_colors': ['#FFFEFD', '#FFFFFF', '#FFFFFF', '#FFFEFD', '#FFFFFF'], 'exact': [False, False, False, False, False]}, {'hex': '#696d88', 'names': ['Storm Gray', 'battleship grey', 'Rhythm', 'Storm Grey', 'Mountbatten pink'], 'similar_colors': ['#717486', '#6B7C85', '#777696', '#717486', '#997A8D'], 'exact': [False, False, False, False, False]}, {'hex': '#746c74', 'names': ['Fedora', 'medium grey', 'Old lavender', 'Fedora', 'Mountbatten pink'], 'similar_colors': ['#796A78', '#7D7F7C', '#796878', '#796A78', '#997A8D'], 'exact': [False, False, False, False, False]}, {'hex': '#9c9ca9', 'names': ['Santas Gray', 'cool grey', 'Lilac Luster', 'Santas Grey', 'Lilac'], 'similar_colors': ['#9FA0B1', '#95A3A6', '#AE98AA', '#9FA0B1', '#C8A2C8'], 'exact': [False, False, False, False, False]}, {'hex': '#a49c9c', 'names': ['Dusty Gray', 'greyish', 'Lilac Luster', 'Dusty Grey', 'Pale chestnut'], 'similar_colors': ['#A8989B', '#A8A495', '#AE98AA', '#A8989B', '#DDADAF'], 'exact': [False, False, False, False, False]}]
[2020-05-15 10:25:31,333: WARNING/ForkPoolWorker-7] ***************************************************************
[2020-05-15 10:25:31,340: INFO/ForkPoolWorker-7] server.tasks.tasks.process_image[667f62ab-06e6-4b3e-bb93-f31ed7f09a1e]: get-image-colors done for 552ee77b3d7611ded4a96b866db70e7b.png
[2020-05-15 10:25:32,555: WARNING/ForkPoolWorker-7] --bg-color : rgb(211,202,211);
    
        --color-0 : rgb(212,205,212);
        
        --color-1 : rgb(74,78,114);
        
        --color-2 : rgb(172,156,195);
        
        --color-3 : rgb(142,141,149);
        
        --color-4 : rgb(105,109,136);
        
        --color-5 : rgb(116,108,116);
        
        --color-6 : rgb(156,156,169);
        
        --color-7 : rgb(194,180,174);
        
        --color-8 : rgb(246,248,248);
        
        --color-9 : rgb(164,156,156);
[2020-05-15 10:25:33,511: WARNING/ForkPoolWorker-7] INSERT
[2020-05-15 10:25:34,050: INFO/ForkPoolWorker-7] server.tasks.tasks.process_image[667f62ab-06e6-4b3e-bb93-f31ed7f09a1e]: Wrote extracted colors to <_io.TextIOWrapper name='server/tmp/552ee77b3d7611ded4a96b866db70e7b.png.json' mode='w+' encoding='UTF-8'>
[2020-05-15 10:25:34,052: INFO/ForkPoolWorker-7] Task server.tasks.tasks.process_image[667f62ab-06e6-4b3e-bb93-f31ed7f09a1e] succeeded in 9.911542516999816s: None
